<?xml version="1.0" encoding="UTF-8"?>
<!-- Generated by org.testng.reporters.JUnitReportReporter -->
<testsuite hostname="DESKTOP-UMSRV6Q" failures="0" tests="2" name="sai.NewTest" time="0.029" errors="0" timestamp="2021-07-29T23:11:58 IST" skipped="0">
  <testcase classname="sai.NewTest" name="sai" time="0.006"/>
  <system-out/>
  <testcase classname="sai.NewTest" name="f" time="0.023"/>
  <system-out/>
</testsuite> <!-- sai.NewTest -->
